# JRE version: OpenJDK Runtime Environment (21.0.8) (build 21.0.8+-14018985-b1038.68)
# Java VM: OpenJDK 64-Bit Server VM (21.0.8+-14018985-b1038.68, mixed mode, tiered, compressed oops, compressed class ptrs, g1 gc, windows-amd64)
GC Precious Log:
 CardTable entry size: 512
 Card Set container configuration: InlinePtr #cards 4 size 8 Array Of Cards #cards 16 size 48 Howl #buckets 8 coarsen threshold 3686 Howl Bitmap #cards 512 size 80 coarsen threshold 460 Card regions per heap region 1 cards per card region 4096
 CPUs: 8 total, 8 available
 Memory: 8070M
 Large Page Support: Disabled
 NUMA Support: Disabled
 Compressed Oops: Enabled (Zero based)
 Heap Region Size: 2M
 Heap Min Capacity: 8M
 Heap Initial Capacity: 128M
 Heap Max Capacity: 4G
 Pre-touch: Disabled
 Parallel Workers: 8
 Concurrent Workers: 2
 Concurrent Refinement Workers: 8
 Periodic GC: Disabled
Heap:
 garbage-first heap   total 272384K, used 212895K [0x0000000700000000, 0x0000000800000000)
  region size 2048K, 3 young (6144K), 3 survivors (6144K)
 Metaspace       used 66365K, committed 67904K, reserved 1114112K
  class space    used 9261K, committed 10048K, reserved 1048576K
GC Heap History (20 events):
Event: 61.473 GC heap after
{Heap after GC invocations=61 (full 0):
 garbage-first heap   total 202752K, used 101911K [0x0000000700000000, 0x0000000800000000)
  region size 2048K, 4 young (8192K), 4 survivors (8192K)
 Metaspace       used 66097K, committed 67648K, reserved 1114112K
  class space    used 9268K, committed 10048K, reserved 1048576K
}
Event: 61.944 GC heap before
{Heap before GC invocations=62 (full 0):
 garbage-first heap   total 202752K, used 179735K [0x0000000700000000, 0x0000000800000000)
  region size 2048K, 42 young (86016K), 4 survivors (8192K)
 Metaspace       used 66123K, committed 67712K, reserved 1114112K
  class space    used 9268K, committed 10048K, reserved 1048576K
}
Event: 61.953 GC heap after
{Heap after GC invocations=63 (full 0):
 garbage-first heap   total 202752K, used 104843K [0x0000000700000000, 0x0000000800000000)
  region size 2048K, 5 young (10240K), 5 survivors (10240K)
 Metaspace       used 66123K, committed 67712K, reserved 1114112K
  class space    used 9268K, committed 10048K, reserved 1048576K
}
Event: 62.311 GC heap before
{Heap before GC invocations=63 (full 0):
 garbage-first heap   total 202752K, used 178571K [0x0000000700000000, 0x0000000800000000)
  region size 2048K, 41 young (83968K), 5 survivors (10240K)
 Metaspace       used 66123K, committed 67712K, reserved 1114112K
  class space    used 9268K, committed 10048K, reserved 1048576K
}
Event: 62.321 GC heap after
{Heap after GC invocations=64 (full 0):
 garbage-first heap   total 202752K, used 106154K [0x0000000700000000, 0x0000000800000000)
  region size 2048K, 4 young (8192K), 4 survivors (8192K)
 Metaspace       used 66123K, committed 67712K, reserved 1114112K
  class space    used 9268K, committed 10048K, reserved 1048576K
}
Event: 62.632 GC heap before
{Heap before GC invocations=64 (full 0):
 garbage-first heap   total 202752K, used 179882K [0x0000000700000000, 0x0000000800000000)
  region size 2048K, 40 young (81920K), 4 survivors (8192K)
 Metaspace       used 66127K, committed 67712K, reserved 1114112K
  class space    used 9268K, committed 10048K, reserved 1048576K
}
Event: 62.639 GC heap after
{Heap after GC invocations=65 (full 0):
 garbage-first heap   total 202752K, used 110613K [0x0000000700000000, 0x0000000800000000)
  region size 2048K, 4 young (8192K), 4 survivors (8192K)
 Metaspace       used 66127K, committed 67712K, reserved 1114112K
  class space    used 9268K, committed 10048K, reserved 1048576K
}
Event: 63.012 GC heap before
{Heap before GC invocations=66 (full 0):
 garbage-first heap   total 202752K, used 180245K [0x0000000700000000, 0x0000000800000000)
  region size 2048K, 38 young (77824K), 4 survivors (8192K)
 Metaspace       used 66102K, committed 67712K, reserved 1114112K
  class space    used 9261K, committed 10048K, reserved 1048576K
}
Event: 63.020 GC heap after
{Heap after GC invocations=67 (full 0):
 garbage-first heap   total 202752K, used 114574K [0x0000000700000000, 0x0000000800000000)
  region size 2048K, 4 young (8192K), 4 survivors (8192K)
 Metaspace       used 66102K, committed 67712K, reserved 1114112K
  class space    used 9261K, committed 10048K, reserved 1048576K
}
Event: 63.388 GC heap before
{Heap before GC invocations=67 (full 0):
 garbage-first heap   total 202752K, used 180110K [0x0000000700000000, 0x0000000800000000)
  region size 2048K, 36 young (73728K), 4 survivors (8192K)
 Metaspace       used 66105K, committed 67712K, reserved 1114112K
  class space    used 9261K, committed 10048K, reserved 1048576K
}
Event: 63.400 GC heap after
{Heap after GC invocations=68 (full 0):
 garbage-first heap   total 251904K, used 121599K [0x0000000700000000, 0x0000000800000000)
  region size 2048K, 5 young (10240K), 5 survivors (10240K)
 Metaspace       used 66105K, committed 67712K, reserved 1114112K
  class space    used 9261K, committed 10048K, reserved 1048576K
}
Event: 64.376 GC heap before
{Heap before GC invocations=68 (full 0):
 garbage-first heap   total 251904K, used 226047K [0x0000000700000000, 0x0000000800000000)
  region size 2048K, 56 young (114688K), 5 survivors (10240K)
 Metaspace       used 66283K, committed 67840K, reserved 1114112K
  class space    used 9261K, committed 10048K, reserved 1048576K
}
Event: 64.452 GC heap after
{Heap after GC invocations=69 (full 0):
 garbage-first heap   total 270336K, used 154359K [0x0000000700000000, 0x0000000800000000)
  region size 2048K, 7 young (14336K), 7 survivors (14336K)
 Metaspace       used 66283K, committed 67840K, reserved 1114112K
  class space    used 9261K, committed 10048K, reserved 1048576K
}
Event: 64.778 GC heap before
{Heap before GC invocations=70 (full 0):
 garbage-first heap   total 270336K, used 234231K [0x0000000700000000, 0x0000000800000000)
  region size 2048K, 47 young (96256K), 7 survivors (14336K)
 Metaspace       used 66311K, committed 67840K, reserved 1114112K
  class space    used 9261K, committed 10048K, reserved 1048576K
}
Event: 64.808 GC heap after
{Heap after GC invocations=71 (full 0):
 garbage-first heap   total 270336K, used 167901K [0x0000000700000000, 0x0000000800000000)
  region size 2048K, 6 young (12288K), 6 survivors (12288K)
 Metaspace       used 66311K, committed 67840K, reserved 1114112K
  class space    used 9261K, committed 10048K, reserved 1048576K
}
Event: 65.170 GC heap before
{Heap before GC invocations=71 (full 0):
 garbage-first heap   total 270336K, used 239581K [0x0000000700000000, 0x0000000800000000)
  region size 2048K, 41 young (83968K), 6 survivors (12288K)
 Metaspace       used 66357K, committed 67904K, reserved 1114112K
  class space    used 9261K, committed 10048K, reserved 1048576K
}
Event: 65.202 GC heap after
{Heap after GC invocations=72 (full 0):
 garbage-first heap   total 272384K, used 185866K [0x0000000700000000, 0x0000000800000000)
  region size 2048K, 6 young (12288K), 6 survivors (12288K)
 Metaspace       used 66357K, committed 67904K, reserved 1114112K
  class space    used 9261K, committed 10048K, reserved 1048576K
}
Event: 65.435 GC heap before
{Heap before GC invocations=72 (full 0):
 garbage-first heap   total 272384K, used 239114K [0x0000000700000000, 0x0000000800000000)
  region size 2048K, 32 young (65536K), 6 survivors (12288K)
 Metaspace       used 66365K, committed 67904K, reserved 1114112K
  class space    used 9261K, committed 10048K, reserved 1048576K
}
Event: 65.462 GC heap after
{Heap after GC invocations=73 (full 0):
 garbage-first heap   total 272384K, used 203605K [0x0000000700000000, 0x0000000800000000)
  region size 2048K, 4 young (8192K), 4 survivors (8192K)
 Metaspace       used 66365K, committed 67904K, reserved 1114112K
  class space    used 9261K, committed 10048K, reserved 1048576K
}
Event: 65.663 GC heap before
{Heap before GC invocations=73 (full 0):
 garbage-first heap   total 272384K, used 242517K [0x0000000700000000, 0x0000000800000000)
  region size 2048K, 23 young (47104K), 4 survivors (8192K)
 Metaspace       used 66365K, committed 67904K, reserved 1114112K
  class space    used 9261K, committed 10048K, reserved 1048576K
}

