# JRE version: OpenJDK Runtime Environment (21.0.8) (build 21.0.8+-14018985-b1038.68)
# Java VM: OpenJDK 64-Bit Server VM (21.0.8+-14018985-b1038.68, mixed mode, tiered, compressed oops, compressed class ptrs, g1 gc, windows-amd64)
GC Precious Log:
 CardTable entry size: 512
 Card Set container configuration: InlinePtr #cards 4 size 8 Array Of Cards #cards 16 size 48 Howl #buckets 8 coarsen threshold 3686 Howl Bitmap #cards 512 size 80 coarsen threshold 460 Card regions per heap region 1 cards per card region 4096
 CPUs: 8 total, 8 available
 Memory: 8070M
 Large Page Support: Disabled
 NUMA Support: Disabled
 Compressed Oops: Enabled (Zero based)
 Heap Region Size: 2M
 Heap Min Capacity: 8M
 Heap Initial Capacity: 128M
 Heap Max Capacity: 4G
 Pre-touch: Disabled
 Parallel Workers: 8
 Concurrent Workers: 2
 Concurrent Refinement Workers: 8
 Periodic GC: Disabled
Heap:
 garbage-first heap   total 419840K, used 339843K [0x0000000700000000, 0x0000000800000000)
  region size 2048K, 68 young (139264K), 3 survivors (6144K)
 Metaspace       used 108813K, committed 110848K, reserved 1179648K
  class space    used 15143K, committed 16128K, reserved 1048576K
GC Heap History (20 events):
Event: 43.779 GC heap before
{Heap before GC invocations=49 (full 0):
 garbage-first heap   total 411648K, used 373004K [0x0000000700000000, 0x0000000800000000)
  region size 2048K, 113 young (231424K), 7 survivors (14336K)
 Metaspace       used 60183K, committed 61632K, reserved 1114112K
  class space    used 8445K, committed 9152K, reserved 1048576K
}
Event: 43.792 GC heap after
{Heap after GC invocations=50 (full 0):
 garbage-first heap   total 411648K, used 158587K [0x0000000700000000, 0x0000000800000000)
  region size 2048K, 9 young (18432K), 9 survivors (18432K)
 Metaspace       used 60183K, committed 61632K, reserved 1114112K
  class space    used 8445K, committed 9152K, reserved 1048576K
}
Event: 44.979 GC heap before
{Heap before GC invocations=51 (full 0):
 garbage-first heap   total 411648K, used 367483K [0x0000000700000000, 0x0000000800000000)
  region size 2048K, 111 young (227328K), 9 survivors (18432K)
 Metaspace       used 60184K, committed 61632K, reserved 1114112K
  class space    used 8445K, committed 9152K, reserved 1048576K
}
Event: 44.992 GC heap after
{Heap after GC invocations=52 (full 0):
 garbage-first heap   total 411648K, used 160832K [0x0000000700000000, 0x0000000800000000)
  region size 2048K, 9 young (18432K), 9 survivors (18432K)
 Metaspace       used 60184K, committed 61632K, reserved 1114112K
  class space    used 8445K, committed 9152K, reserved 1048576K
}
Event: 45.584 GC heap before
{Heap before GC invocations=52 (full 0):
 garbage-first heap   total 411648K, used 369728K [0x0000000700000000, 0x0000000800000000)
  region size 2048K, 111 young (227328K), 9 survivors (18432K)
 Metaspace       used 60184K, committed 61632K, reserved 1114112K
  class space    used 8445K, committed 9152K, reserved 1048576K
}
Event: 45.603 GC heap after
{Heap after GC invocations=53 (full 0):
 garbage-first heap   total 411648K, used 160583K [0x0000000700000000, 0x0000000800000000)
  region size 2048K, 8 young (16384K), 8 survivors (16384K)
 Metaspace       used 60184K, committed 61632K, reserved 1114112K
  class space    used 8445K, committed 9152K, reserved 1048576K
}
Event: 51.850 GC heap before
{Heap before GC invocations=53 (full 0):
 garbage-first heap   total 411648K, used 195399K [0x0000000700000000, 0x0000000800000000)
  region size 2048K, 26 young (53248K), 8 survivors (16384K)
 Metaspace       used 60259K, committed 61696K, reserved 1114112K
  class space    used 8449K, committed 9152K, reserved 1048576K
}
Event: 51.853 GC heap after
{Heap after GC invocations=54 (full 0):
 garbage-first heap   total 411648K, used 149487K [0x0000000700000000, 0x0000000800000000)
  region size 2048K, 3 young (6144K), 3 survivors (6144K)
 Metaspace       used 60259K, committed 61696K, reserved 1114112K
  class space    used 8449K, committed 9152K, reserved 1048576K
}
Event: 52.680 GC heap before
{Heap before GC invocations=55 (full 0):
 garbage-first heap   total 411648K, used 387055K [0x0000000700000000, 0x0000000800000000)
  region size 2048K, 116 young (237568K), 3 survivors (6144K)
 Metaspace       used 60259K, committed 61696K, reserved 1114112K
  class space    used 8450K, committed 9152K, reserved 1048576K
}
Event: 52.685 GC heap after
{Heap after GC invocations=56 (full 0):
 garbage-first heap   total 411648K, used 156959K [0x0000000700000000, 0x0000000800000000)
  region size 2048K, 3 young (6144K), 3 survivors (6144K)
 Metaspace       used 60259K, committed 61696K, reserved 1114112K
  class space    used 8450K, committed 9152K, reserved 1048576K
}
Event: 54.737 GC heap before
{Heap before GC invocations=56 (full 0):
 garbage-first heap   total 411648K, used 386335K [0x0000000700000000, 0x0000000800000000)
  region size 2048K, 113 young (231424K), 3 survivors (6144K)
 Metaspace       used 63363K, committed 64832K, reserved 1114112K
  class space    used 8943K, committed 9664K, reserved 1048576K
}
Event: 54.746 GC heap after
{Heap after GC invocations=57 (full 0):
 garbage-first heap   total 411648K, used 150118K [0x0000000700000000, 0x0000000800000000)
  region size 2048K, 3 young (6144K), 3 survivors (6144K)
 Metaspace       used 63363K, committed 64832K, reserved 1114112K
  class space    used 8943K, committed 9664K, reserved 1048576K
}
Event: 57.192 GC heap before
{Heap before GC invocations=57 (full 0):
 garbage-first heap   total 411648K, used 275046K [0x0000000700000000, 0x0000000800000000)
  region size 2048K, 65 young (133120K), 3 survivors (6144K)
 Metaspace       used 66574K, committed 68096K, reserved 1114112K
  class space    used 9330K, committed 10048K, reserved 1048576K
}
Event: 57.202 GC heap after
{Heap after GC invocations=58 (full 0):
 garbage-first heap   total 411648K, used 154136K [0x0000000700000000, 0x0000000800000000)
  region size 2048K, 5 young (10240K), 5 survivors (10240K)
 Metaspace       used 66574K, committed 68096K, reserved 1114112K
  class space    used 9330K, committed 10048K, reserved 1048576K
}
Event: 65.002 GC heap before
{Heap before GC invocations=59 (full 0):
 garbage-first heap   total 411648K, used 379416K [0x0000000700000000, 0x0000000800000000)
  region size 2048K, 113 young (231424K), 5 survivors (10240K)
 Metaspace       used 83158K, committed 84928K, reserved 1179648K
  class space    used 11662K, committed 12544K, reserved 1048576K
}
Event: 65.022 GC heap after
{Heap after GC invocations=60 (full 0):
 garbage-first heap   total 411648K, used 172124K [0x0000000700000000, 0x0000000800000000)
  region size 2048K, 10 young (20480K), 10 survivors (20480K)
 Metaspace       used 83158K, committed 84928K, reserved 1179648K
  class space    used 11662K, committed 12544K, reserved 1048576K
}
Event: 70.263 GC heap before
{Heap before GC invocations=60 (full 0):
 garbage-first heap   total 411648K, used 372828K [0x0000000700000000, 0x0000000800000000)
  region size 2048K, 105 young (215040K), 10 survivors (20480K)
 Metaspace       used 92949K, committed 94848K, reserved 1179648K
  class space    used 12941K, committed 13888K, reserved 1048576K
}
Event: 70.295 GC heap after
{Heap after GC invocations=61 (full 0):
 garbage-first heap   total 419840K, used 197686K [0x0000000700000000, 0x0000000800000000)
  region size 2048K, 14 young (28672K), 14 survivors (28672K)
 Metaspace       used 92949K, committed 94848K, reserved 1179648K
  class space    used 12941K, committed 13888K, reserved 1048576K
}
Event: 73.171 GC heap before
{Heap before GC invocations=61 (full 0):
 garbage-first heap   total 419840K, used 283702K [0x0000000700000000, 0x0000000800000000)
  region size 2048K, 57 young (116736K), 14 survivors (28672K)
 Metaspace       used 100675K, committed 102592K, reserved 1179648K
  class space    used 13974K, committed 14912K, reserved 1048576K
}
Event: 73.193 GC heap after
{Heap after GC invocations=62 (full 0):
 garbage-first heap   total 419840K, used 206723K [0x0000000700000000, 0x0000000800000000)
  region size 2048K, 3 young (6144K), 3 survivors (6144K)
 Metaspace       used 100675K, committed 102592K, reserved 1179648K
  class space    used 13974K, committed 14912K, reserved 1048576K
}

